<?xml version="1.0" encoding="UTF-8"?>
<!-- Generated by org.testng.reporters.JUnitXMLReporter -->
<testsuite hostname="Marias-iMac.local" name="Default test" tests="6" failures="0" timestamp="25 Feb 2016 21:26:15 GMT" time="5.544" errors="0">
  <testcase name="testSlidesCount" time="0.566" classname="test.ui.HomePageTest"/>
  <testcase name="isSocialIconPresent" time="0.073" classname="test.ui.HomePageTest"/>
  <testcase name="socialCount" time="0.182" classname="test.ui.HomePageTest"/>
  <testcase name="logoPresent" time="0.01" classname="test.ui.HomePageTest"/>
  <testcase name="testFBLink" time="2.651" classname="test.ui.HomePageTest"/>
  <testcase name="getDriver" time="0.008" classname="test.ui.HomePageTest"/>
</testsuite> <!-- Default test -->
