<?xml version="1.0" encoding="UTF-8"?>
<!-- Generated by org.testng.reporters.JUnitXMLReporter -->
<testsuite hostname="Marias-iMac.local" name="Smoke" tests="6" failures="0" timestamp="4 Feb 2016 06:23:44 GMT" time="4.49" errors="0">
  <testcase name="testSlidesCount" time="0.397" classname="test.ui.HomePageTest"/>
  <testcase name="isSocialIconPresent" time="0.022" classname="test.ui.HomePageTest"/>
  <testcase name="socialCount" time="0.015" classname="test.ui.HomePageTest"/>
  <testcase name="logoPresent" time="0.006" classname="test.ui.HomePageTest"/>
  <testcase name="testFBLink" time="2.365" classname="test.ui.HomePageTest"/>
  <testcase name="getDriver" time="0.004" classname="test.ui.HomePageTest"/>
</testsuite> <!-- Smoke -->
