<?xml version="1.0" encoding="UTF-8"?>
<!-- Generated by org.testng.reporters.JUnitXMLReporter -->
<testsuite hostname="Marias-iMac.local" name="GithubTest" tests="2" failures="0" timestamp="25 Feb 2016 18:27:02 GMT" time="1.004" errors="0">
  <testcase name="testUser" time="0.0" classname="test.api.GitHubTest">
    <skipped/>
  </testcase> <!-- testUser -->
  <testcase name="testRepos" time="0.0" classname="test.api.GitHubTest">
    <skipped/>
  </testcase> <!-- testRepos -->
</testsuite> <!-- GithubTest -->
