<?xml version="1.0" encoding="UTF-8"?>
<!-- Generated by org.testng.reporters.JUnitXMLReporter -->
<testsuite hostname="Marias-iMac.local" name="PresentationTest" tests="1" failures="1" timestamp="4 Feb 2016 05:26:58 GMT" time="78.585" errors="0">
  <testcase name="testPresentations" time="68.539" classname="test.ui.PresentationPageTest">
    <failure type="java.lang.AssertionError">
      <![CDATA[java.lang.AssertionError: 
	at test.ui.PresentationPageTest.testPresentations(PresentationPageTest.java:36)
... Removed 28 stack frames]]>
    </failure>
  </testcase> <!-- testPresentations -->
</testsuite> <!-- PresentationTest -->
