<?xml version="1.0" encoding="UTF-8"?>
<!-- Generated by org.testng.reporters.JUnitXMLReporter -->
<testsuite hostname="Marias-iMac.local" name="LoginTest" tests="2" failures="1" timestamp="29 Feb 2016 21:08:37 GMT" time="62.269" errors="0">
  <testcase name="testLogin" time="61.86" classname="test.ui.LoginPageTest">
    <failure type="java.lang.AssertionError">
      <![CDATA[java.lang.AssertionError: 
	at test.ui.LoginPageTest.testLogin(LoginPageTest.java:47)
... Removed 27 stack frames]]>
    </failure>
  </testcase> <!-- testLogin -->
  <testcase name="testLogout" time="0.0" classname="test.ui.LoginPageTest">
    <skipped/>
  </testcase> <!-- testLogout -->
</testsuite> <!-- LoginTest -->
